[INFO] Scanning for projects...
[INFO] 
[INFO] --------------------< cs.msu.edu:CSCI_466_Project >---------------------
[INFO] Building CSCI_466_Project 1.0-SNAPSHOT
[INFO] --------------------------------[ jar ]---------------------------------
[INFO] 
[INFO] --- maven-resources-plugin:2.6:resources (default-resources) @ CSCI_466_Project ---
[WARNING] Using platform encoding (UTF-8 actually) to copy filtered resources, i.e. build is platform dependent!
[INFO] Copying 5 resources
[INFO] 
[INFO] --- maven-compiler-plugin:3.1:compile (default-compile) @ CSCI_466_Project ---
[INFO] Nothing to compile - all classes are up to date
[INFO] 
[INFO] --- maven-resources-plugin:2.6:testResources (default-testResources) @ CSCI_466_Project ---
[WARNING] Using platform encoding (UTF-8 actually) to copy filtered resources, i.e. build is platform dependent!
[INFO] skip non existing resourceDirectory /home/carson/Projects/msu/csci-466-spring2021/grading/scripts/repos/gaberial_darity/src/test/resources
[INFO] 
[INFO] --- maven-compiler-plugin:3.1:testCompile (default-testCompile) @ CSCI_466_Project ---
[INFO] Nothing to compile - all classes are up to date
[INFO] 
[INFO] --- maven-surefire-plugin:2.22.1:test (default-test) @ CSCI_466_Project ---
[INFO] 
[INFO] -------------------------------------------------------
[INFO]  T E S T S
[INFO] -------------------------------------------------------
[INFO] Running edu.montana.csci.csci468.parser.CatscriptParserExpressionsTest
[ERROR] Tests run: 29, Failures: 1, Errors: 25, Skipped: 0, Time elapsed: 0.099 s <<< FAILURE! - in edu.montana.csci.csci468.parser.CatscriptParserExpressionsTest
[ERROR] greaterThanGreaterExpression  Time elapsed: 0.037 s  <<< ERROR!
java.lang.ClassCastException: class edu.montana.csci.csci468.parser.expressions.IntegerLiteralExpression cannot be cast to class edu.montana.csci.csci468.parser.expressions.ComparisonExpression (edu.montana.csci.csci468.parser.expressions.IntegerLiteralExpression and edu.montana.csci.csci468.parser.expressions.ComparisonExpression are in unnamed module of loader 'app')
	at edu.montana.csci.csci468.parser.CatscriptParserExpressionsTest.greaterThanGreaterExpression(CatscriptParserExpressionsTest.java:185)

[ERROR] factorExpressionsAreLeftAssociative  Time elapsed: 0.001 s  <<< ERROR!
java.lang.ClassCastException: class edu.montana.csci.csci468.parser.expressions.IntegerLiteralExpression cannot be cast to class edu.montana.csci.csci468.parser.expressions.FactorExpression (edu.montana.csci.csci468.parser.expressions.IntegerLiteralExpression and edu.montana.csci.csci468.parser.expressions.FactorExpression are in unnamed module of loader 'app')
	at edu.montana.csci.csci468.parser.CatscriptParserExpressionsTest.factorExpressionsAreLeftAssociative(CatscriptParserExpressionsTest.java:159)

[ERROR] additiveExpressionsAreLeftAssociative  Time elapsed: 0 s  <<< FAILURE!
org.opentest4j.AssertionFailedError: expected: <true> but was: <false>
	at edu.montana.csci.csci468.parser.CatscriptParserExpressionsTest.additiveExpressionsAreLeftAssociative(CatscriptParserExpressionsTest.java:33)

[ERROR] parseIdentifierExpression  Time elapsed: 0 s  <<< ERROR!
java.lang.ClassCastException: class edu.montana.csci.csci468.parser.expressions.SyntaxErrorExpression cannot be cast to class edu.montana.csci.csci468.parser.expressions.IdentifierExpression (edu.montana.csci.csci468.parser.expressions.SyntaxErrorExpression and edu.montana.csci.csci468.parser.expressions.IdentifierExpression are in unnamed module of loader 'app')
	at edu.montana.csci.csci468.parser.CatscriptParserExpressionsTest.parseIdentifierExpression(CatscriptParserExpressionsTest.java:71)

[ERROR] parseUnterminatedFunctionCallExpression  Time elapsed: 0 s  <<< ERROR!
java.lang.ClassCastException: class edu.montana.csci.csci468.parser.expressions.SyntaxErrorExpression cannot be cast to class edu.montana.csci.csci468.parser.expressions.FunctionCallExpression (edu.montana.csci.csci468.parser.expressions.SyntaxErrorExpression and edu.montana.csci.csci468.parser.expressions.FunctionCallExpression are in unnamed module of loader 'app')
	at edu.montana.csci.csci468.parser.CatscriptParserExpressionsTest.parseUnterminatedFunctionCallExpression(CatscriptParserExpressionsTest.java:110)

[ERROR] parseTrueExpression  Time elapsed: 0 s  <<< ERROR!
java.lang.NullPointerException
	at edu.montana.csci.csci468.parser.CatscriptParserExpressionsTest.parseTrueExpression(CatscriptParserExpressionsTest.java:53)

[ERROR] parseFactorIsHigherPrecendenceThanAdd  Time elapsed: 0 s  <<< ERROR!
java.lang.ClassCastException: class edu.montana.csci.csci468.parser.expressions.IntegerLiteralExpression cannot be cast to class edu.montana.csci.csci468.parser.expressions.AdditiveExpression (edu.montana.csci.csci468.parser.expressions.IntegerLiteralExpression and edu.montana.csci.csci468.parser.expressions.AdditiveExpression are in unnamed module of loader 'app')
	at edu.montana.csci.csci468.parser.CatscriptParserExpressionsTest.parseFactorIsHigherPrecendenceThanAdd(CatscriptParserExpressionsTest.java:151)

[ERROR] parseFunctionCallExpression  Time elapsed: 0.001 s  <<< ERROR!
java.lang.ClassCastException: class edu.montana.csci.csci468.parser.expressions.SyntaxErrorExpression cannot be cast to class edu.montana.csci.csci468.parser.expressions.FunctionCallExpression (edu.montana.csci.csci468.parser.expressions.SyntaxErrorExpression and edu.montana.csci.csci468.parser.expressions.FunctionCallExpression are in unnamed module of loader 'app')
	at edu.montana.csci.csci468.parser.CatscriptParserExpressionsTest.parseFunctionCallExpression(CatscriptParserExpressionsTest.java:96)

[ERROR] lessThanGreaterExpression  Time elapsed: 0.002 s  <<< ERROR!
java.lang.ClassCastException: class edu.montana.csci.csci468.parser.expressions.IntegerLiteralExpression cannot be cast to class edu.montana.csci.csci468.parser.expressions.ComparisonExpression (edu.montana.csci.csci468.parser.expressions.IntegerLiteralExpression and edu.montana.csci.csci468.parser.expressions.ComparisonExpression are in unnamed module of loader 'app')
	at edu.montana.csci.csci468.parser.CatscriptParserExpressionsTest.lessThanGreaterExpression(CatscriptParserExpressionsTest.java:173)

[ERROR] parseUnterminatedListLiteralExpression  Time elapsed: 0.003 s  <<< ERROR!
java.lang.ClassCastException: class edu.montana.csci.csci468.parser.expressions.SyntaxErrorExpression cannot be cast to class edu.montana.csci.csci468.parser.expressions.ListLiteralExpression (edu.montana.csci.csci468.parser.expressions.SyntaxErrorExpression and edu.montana.csci.csci468.parser.expressions.ListLiteralExpression are in unnamed module of loader 'app')
	at edu.montana.csci.csci468.parser.CatscriptParserExpressionsTest.parseUnterminatedListLiteralExpression(CatscriptParserExpressionsTest.java:89)

[ERROR] parseListLiteralExpression  Time elapsed: 0.002 s  <<< ERROR!
java.lang.NullPointerException
	at edu.montana.csci.csci468.parser.CatscriptParserExpressionsTest.parseListLiteralExpression(CatscriptParserExpressionsTest.java:77)

[ERROR] parseMultiplyExpressionWorks  Time elapsed: 0.002 s  <<< ERROR!
java.lang.ClassCastException: class edu.montana.csci.csci468.parser.expressions.IntegerLiteralExpression cannot be cast to class edu.montana.csci.csci468.parser.expressions.FactorExpression (edu.montana.csci.csci468.parser.expressions.IntegerLiteralExpression and edu.montana.csci.csci468.parser.expressions.FactorExpression are in unnamed module of loader 'app')
	at edu.montana.csci.csci468.parser.CatscriptParserExpressionsTest.parseMultiplyExpressionWorks(CatscriptParserExpressionsTest.java:139)

[ERROR] parseNoArgFunctionCallExpression  Time elapsed: 0.001 s  <<< ERROR!
java.lang.ClassCastException: class edu.montana.csci.csci468.parser.expressions.SyntaxErrorExpression cannot be cast to class edu.montana.csci.csci468.parser.expressions.FunctionCallExpression (edu.montana.csci.csci468.parser.expressions.SyntaxErrorExpression and edu.montana.csci.csci468.parser.expressions.FunctionCallExpression are in unnamed module of loader 'app')
	at edu.montana.csci.csci468.parser.CatscriptParserExpressionsTest.parseNoArgFunctionCallExpression(CatscriptParserExpressionsTest.java:103)

[ERROR] parseDivideExpressionWorks  Time elapsed: 0 s  <<< ERROR!
java.lang.ClassCastException: class edu.montana.csci.csci468.parser.expressions.IntegerLiteralExpression cannot be cast to class edu.montana.csci.csci468.parser.expressions.FactorExpression (edu.montana.csci.csci468.parser.expressions.IntegerLiteralExpression and edu.montana.csci.csci468.parser.expressions.FactorExpression are in unnamed module of loader 'app')
	at edu.montana.csci.csci468.parser.CatscriptParserExpressionsTest.parseDivideExpressionWorks(CatscriptParserExpressionsTest.java:145)

[ERROR] parseFalseExpression  Time elapsed: 0.001 s  <<< ERROR!
java.lang.NullPointerException
	at edu.montana.csci.csci468.parser.CatscriptParserExpressionsTest.parseFalseExpression(CatscriptParserExpressionsTest.java:59)

[ERROR] parseNullExpression  Time elapsed: 0.004 s  <<< ERROR!
java.lang.NullPointerException
	at edu.montana.csci.csci468.parser.CatscriptParserExpressionsTest.parseNullExpression(CatscriptParserExpressionsTest.java:65)

[ERROR] parseNestedUnaryExpression  Time elapsed: 0 s  <<< ERROR!
java.lang.NullPointerException
	at edu.montana.csci.csci468.parser.CatscriptParserExpressionsTest.parseNestedUnaryExpression(CatscriptParserExpressionsTest.java:132)

[ERROR] parseEmptyListLiteralExpression  Time elapsed: 0 s  <<< ERROR!
java.lang.NullPointerException
	at edu.montana.csci.csci468.parser.CatscriptParserExpressionsTest.parseEmptyListLiteralExpression(CatscriptParserExpressionsTest.java:83)

[ERROR] parseNegativeUnaryExpression  Time elapsed: 0 s  <<< ERROR!
java.lang.NullPointerException
	at edu.montana.csci.csci468.parser.CatscriptParserExpressionsTest.parseNegativeUnaryExpression(CatscriptParserExpressionsTest.java:118)

[ERROR] equalityExpression  Time elapsed: 0 s  <<< ERROR!
java.lang.ClassCastException: class edu.montana.csci.csci468.parser.expressions.IntegerLiteralExpression cannot be cast to class edu.montana.csci.csci468.parser.expressions.EqualityExpression (edu.montana.csci.csci468.parser.expressions.IntegerLiteralExpression and edu.montana.csci.csci468.parser.expressions.EqualityExpression are in unnamed module of loader 'app')
	at edu.montana.csci.csci468.parser.CatscriptParserExpressionsTest.equalityExpression(CatscriptParserExpressionsTest.java:191)

[ERROR] greaterThanExpression  Time elapsed: 0.001 s  <<< ERROR!
java.lang.ClassCastException: class edu.montana.csci.csci468.parser.expressions.IntegerLiteralExpression cannot be cast to class edu.montana.csci.csci468.parser.expressions.ComparisonExpression (edu.montana.csci.csci468.parser.expressions.IntegerLiteralExpression and edu.montana.csci.csci468.parser.expressions.ComparisonExpression are in unnamed module of loader 'app')
	at edu.montana.csci.csci468.parser.CatscriptParserExpressionsTest.greaterThanExpression(CatscriptParserExpressionsTest.java:179)

[ERROR] notEqualExpression  Time elapsed: 0 s  <<< ERROR!
java.lang.ClassCastException: class edu.montana.csci.csci468.parser.expressions.IntegerLiteralExpression cannot be cast to class edu.montana.csci.csci468.parser.expressions.EqualityExpression (edu.montana.csci.csci468.parser.expressions.IntegerLiteralExpression and edu.montana.csci.csci468.parser.expressions.EqualityExpression are in unnamed module of loader 'app')
	at edu.montana.csci.csci468.parser.CatscriptParserExpressionsTest.notEqualExpression(CatscriptParserExpressionsTest.java:197)

[ERROR] additiveExpressionsCanBeParenthesized  Time elapsed: 0.001 s  <<< ERROR!
java.lang.NullPointerException
	at edu.montana.csci.csci468.parser.CatscriptParserExpressionsTest.additiveExpressionsCanBeParenthesized(CatscriptParserExpressionsTest.java:39)

[ERROR] lessThanExpression  Time elapsed: 0.001 s  <<< ERROR!
java.lang.ClassCastException: class edu.montana.csci.csci468.parser.expressions.IntegerLiteralExpression cannot be cast to class edu.montana.csci.csci468.parser.expressions.ComparisonExpression (edu.montana.csci.csci468.parser.expressions.IntegerLiteralExpression and edu.montana.csci.csci468.parser.expressions.ComparisonExpression are in unnamed module of loader 'app')
	at edu.montana.csci.csci468.parser.CatscriptParserExpressionsTest.lessThanExpression(CatscriptParserExpressionsTest.java:167)

[ERROR] parseStringLiteralWorks  Time elapsed: 0.001 s  <<< ERROR!
java.lang.NullPointerException
	at edu.montana.csci.csci468.parser.CatscriptParserExpressionsTest.parseStringLiteralWorks(CatscriptParserExpressionsTest.java:19)

[ERROR] parseNotUnaryExpression  Time elapsed: 0.001 s  <<< ERROR!
java.lang.NullPointerException
	at edu.montana.csci.csci468.parser.CatscriptParserExpressionsTest.parseNotUnaryExpression(CatscriptParserExpressionsTest.java:125)

[INFO] Running edu.montana.csci.csci468.parser.CatscriptParserErrorsTest
[ERROR] Tests run: 1, Failures: 0, Errors: 1, Skipped: 0, Time elapsed: 0.001 s <<< FAILURE! - in edu.montana.csci.csci468.parser.CatscriptParserErrorsTest
[ERROR] basicSymbolErrorWorks  Time elapsed: 0 s  <<< ERROR!
java.lang.NullPointerException
	at edu.montana.csci.csci468.parser.CatscriptParserErrorsTest.basicSymbolErrorWorks(CatscriptParserErrorsTest.java:15)

[INFO] Running edu.montana.csci.csci468.parser.CatscriptParserStatementsTest
[ERROR] Tests run: 21, Failures: 0, Errors: 19, Skipped: 0, Time elapsed: 0.007 s <<< FAILURE! - in edu.montana.csci.csci468.parser.CatscriptParserStatementsTest
[ERROR] functionDefStatement  Time elapsed: 0 s  <<< ERROR!
edu.montana.csci.csci468.parser.ParseErrorException: 
Parse Errors Occurred:

Line 1:function x() {}
       ^

Error: Unexpected Token

Line 1:function x() {}
       ^

Error: Unexpected Token

Line 1:function x() {}
       ^

Error: Unexpected Token

Line 1:function x() {}
       ^

Error: Unexpected Token

Line 1:function x() {}
       ^

Error: Unexpected Token

Line 1:function x() {}
       ^

Error: Unexpected Token


	at edu.montana.csci.csci468.parser.CatscriptParserStatementsTest.functionDefStatement(CatscriptParserStatementsTest.java:144)

[ERROR] functionCallStatement  Time elapsed: 0 s  <<< ERROR!
java.lang.ClassCastException: class edu.montana.csci.csci468.parser.statements.SyntaxErrorStatement cannot be cast to class edu.montana.csci.csci468.parser.statements.FunctionCallStatement (edu.montana.csci.csci468.parser.statements.SyntaxErrorStatement and edu.montana.csci.csci468.parser.statements.FunctionCallStatement are in unnamed module of loader 'app')
	at edu.montana.csci.csci468.parser.CatscriptParserStatementsTest.functionCallStatement(CatscriptParserStatementsTest.java:136)

[ERROR] functionDefWithParamsStatement  Time elapsed: 0.001 s  <<< ERROR!
edu.montana.csci.csci468.parser.ParseErrorException: 
Parse Errors Occurred:

Line 1:function x(a, b, c) {}
       ^

Error: Unexpected Token

Line 1:function x(a, b, c) {}
       ^

Error: Unexpected Token

Line 1:function x(a, b, c) {}
       ^

Error: Unexpected Token

Line 1:function x(a, b, c) {}
       ^

Error: Unexpected Token

Line 1:function x(a, b, c) {}
       ^

Error: Unexpected Token

Line 1:function x(a, b, c) {}
       ^

Error: Unexpected Token

Line 1:function x(a, b, c) {}
       ^

Error: Unexpected Token

Line 1:function x(a, b, c) {}
       ^

Error: Unexpected Token

Line 1:function x(a, b, c) {}
       ^

Error: Unexpected Token

Line 1:function x(a, b, c) {}
       ^

Error: Unexpected Token

Line 1:function x(a, b, c) {}
       ^

Error: Unexpected Token


	at edu.montana.csci.csci468.parser.CatscriptParserStatementsTest.functionDefWithParamsStatement(CatscriptParserStatementsTest.java:152)

[ERROR] varStatementWithListType  Time elapsed: 0 s  <<< ERROR!
edu.montana.csci.csci468.parser.ParseErrorException: 
Parse Errors Occurred:

Line 1:var x : list<int> = [1, 2, 3]
       ^

Error: Unexpected Token

Line 1:var x : list<int> = [1, 2, 3]
       ^

Error: Unexpected Token

Line 1:var x : list<int> = [1, 2, 3]
       ^

Error: Unexpected Token

Line 1:var x : list<int> = [1, 2, 3]
       ^

Error: Unexpected Token

Line 1:var x : list<int> = [1, 2, 3]
       ^

Error: Unexpected Token

Line 1:var x : list<int> = [1, 2, 3]
       ^

Error: Unexpected Token

Line 1:var x : list<int> = [1, 2, 3]
       ^

Error: Unexpected Token

Line 1:var x : list<int> = [1, 2, 3]
       ^

Error: Unexpected Token

Line 1:var x : list<int> = [1, 2, 3]
       ^

Error: Unexpected Token

Line 1:var x : list<int> = [1, 2, 3]
       ^

Error: Unexpected Token

Line 1:var x : list<int> = [1, 2, 3]
       ^

Error: Unexpected Token

Line 1:var x : list<int> = [1, 2, 3]
       ^

Error: Unexpected Token

Line 1:var x : list<int> = [1, 2, 3]
       ^

Error: Unexpected Token

Line 1:var x : list<int> = [1, 2, 3]
       ^

Error: Unexpected Token

Line 1:var x : list<int> = [1, 2, 3]
       ^

Error: Unexpected Token


	at edu.montana.csci.csci468.parser.CatscriptParserStatementsTest.varStatementWithListType(CatscriptParserStatementsTest.java:119)

[ERROR] ifStatementParses  Time elapsed: 0 s  <<< ERROR!
java.lang.ClassCastException: class edu.montana.csci.csci468.parser.statements.SyntaxErrorStatement cannot be cast to class edu.montana.csci.csci468.parser.statements.IfStatement (edu.montana.csci.csci468.parser.statements.SyntaxErrorStatement and edu.montana.csci.csci468.parser.statements.IfStatement are in unnamed module of loader 'app')
	at edu.montana.csci.csci468.parser.CatscriptParserStatementsTest.ifStatementParses(CatscriptParserStatementsTest.java:43)

[ERROR] ifStatementWithElseParses  Time elapsed: 0 s  <<< ERROR!
java.lang.ClassCastException: class edu.montana.csci.csci468.parser.statements.SyntaxErrorStatement cannot be cast to class edu.montana.csci.csci468.parser.statements.IfStatement (edu.montana.csci.csci468.parser.statements.SyntaxErrorStatement and edu.montana.csci.csci468.parser.statements.IfStatement are in unnamed module of loader 'app')
	at edu.montana.csci.csci468.parser.CatscriptParserStatementsTest.ifStatementWithElseParses(CatscriptParserStatementsTest.java:59)

[ERROR] ifStatementEnsuresClosingBrace  Time elapsed: 0 s  <<< ERROR!
java.lang.ClassCastException: class edu.montana.csci.csci468.parser.statements.SyntaxErrorStatement cannot be cast to class edu.montana.csci.csci468.parser.statements.IfStatement (edu.montana.csci.csci468.parser.statements.SyntaxErrorStatement and edu.montana.csci.csci468.parser.statements.IfStatement are in unnamed module of loader 'app')
	at edu.montana.csci.csci468.parser.CatscriptParserStatementsTest.ifStatementEnsuresClosingBrace(CatscriptParserStatementsTest.java:52)

[ERROR] varStatementWithBoolType  Time elapsed: 0.001 s  <<< ERROR!
edu.montana.csci.csci468.parser.ParseErrorException: 
Parse Errors Occurred:

Line 1:var x : bool = true
       ^

Error: Unexpected Token

Line 1:var x : bool = true
       ^

Error: Unexpected Token

Line 1:var x : bool = true
       ^

Error: Unexpected Token

Line 1:var x : bool = true
       ^

Error: Unexpected Token

Line 1:var x : bool = true
       ^

Error: Unexpected Token

Line 1:var x : bool = true
       ^

Error: Unexpected Token


	at edu.montana.csci.csci468.parser.CatscriptParserStatementsTest.varStatementWithBoolType(CatscriptParserStatementsTest.java:92)

[ERROR] varStatementWithStringType  Time elapsed: 0 s  <<< ERROR!
edu.montana.csci.csci468.parser.ParseErrorException: 
Parse Errors Occurred:

Line 1:var x : string = ""
       ^

Error: Unexpected Token

Line 1:var x : string = ""
       ^

Error: Unexpected Token

Line 1:var x : string = ""
       ^

Error: Unexpected Token

Line 1:var x : string = ""
       ^

Error: Unexpected Token

Line 1:var x : string = ""
       ^

Error: Unexpected Token

Line 1:var x : string = ""
       ^

Error: Unexpected Token


	at edu.montana.csci.csci468.parser.CatscriptParserStatementsTest.varStatementWithStringType(CatscriptParserStatementsTest.java:101)

[ERROR] varStatementWithImplicitType  Time elapsed: 0 s  <<< ERROR!
edu.montana.csci.csci468.parser.ParseErrorException: 
Parse Errors Occurred:

Line 1:var x = 10
       ^

Error: Unexpected Token

Line 1:var x = 10
       ^

Error: Unexpected Token

Line 1:var x = 10
       ^

Error: Unexpected Token

Line 1:var x = 10
       ^

Error: Unexpected Token


	at edu.montana.csci.csci468.parser.CatscriptParserStatementsTest.varStatementWithImplicitType(CatscriptParserStatementsTest.java:75)

[ERROR] forStatementEnsuresClosingBrace  Time elapsed: 0 s  <<< ERROR!
java.lang.ClassCastException: class edu.montana.csci.csci468.parser.statements.SyntaxErrorStatement cannot be cast to class edu.montana.csci.csci468.parser.statements.ForStatement (edu.montana.csci.csci468.parser.statements.SyntaxErrorStatement and edu.montana.csci.csci468.parser.statements.ForStatement are in unnamed module of loader 'app')
	at edu.montana.csci.csci468.parser.CatscriptParserStatementsTest.forStatementEnsuresClosingBrace(CatscriptParserStatementsTest.java:36)

[ERROR] assigmentStatement  Time elapsed: 0.001 s  <<< ERROR!
java.lang.ClassCastException: class edu.montana.csci.csci468.parser.statements.SyntaxErrorStatement cannot be cast to class edu.montana.csci.csci468.parser.statements.AssignmentStatement (edu.montana.csci.csci468.parser.statements.SyntaxErrorStatement and edu.montana.csci.csci468.parser.statements.AssignmentStatement are in unnamed module of loader 'app')
	at edu.montana.csci.csci468.parser.CatscriptParserStatementsTest.assigmentStatement(CatscriptParserStatementsTest.java:128)

[ERROR] functionDefWithParamTypesStatement  Time elapsed: 0 s  <<< ERROR!
edu.montana.csci.csci468.parser.ParseErrorException: 
Parse Errors Occurred:

Line 1:function x(a : object, b : int, c : bool) {}
       ^

Error: Unexpected Token

Line 1:function x(a : object, b : int, c : bool) {}
       ^

Error: Unexpected Token

Line 1:function x(a : object, b : int, c : bool) {}
       ^

Error: Unexpected Token

Line 1:function x(a : object, b : int, c : bool) {}
       ^

Error: Unexpected Token

Line 1:function x(a : object, b : int, c : bool) {}
       ^

Error: Unexpected Token

Line 1:function x(a : object, b : int, c : bool) {}
       ^

Error: Unexpected Token

Line 1:function x(a : object, b : int, c : bool) {}
       ^

Error: Unexpected Token

Line 1:function x(a : object, b : int, c : bool) {}
       ^

Error: Unexpected Token

Line 1:function x(a : object, b : int, c : bool) {}
       ^

Error: Unexpected Token

Line 1:function x(a : object, b : int, c : bool) {}
       ^

Error: Unexpected Token

Line 1:function x(a : object, b : int, c : bool) {}
       ^

Error: Unexpected Token

Line 1:function x(a : object, b : int, c : bool) {}
       ^

Error: Unexpected Token

Line 1:function x(a : object, b : int, c : bool) {}
       ^

Error: Unexpected Token

Line 1:function x(a : object, b : int, c : bool) {}
       ^

Error: Unexpected Token

Line 1:function x(a : object, b : int, c : bool) {}
       ^

Error: Unexpected Token

Line 1:function x(a : object, b : int, c : bool) {}
       ^

Error: Unexpected Token

Line 1:function x(a : object, b : int, c : bool) {}
       ^

Error: Unexpected Token


	at edu.montana.csci.csci468.parser.CatscriptParserStatementsTest.functionDefWithParamTypesStatement(CatscriptParserStatementsTest.java:166)

[ERROR] elseStatementEnsuresClosingBrace  Time elapsed: 0.001 s  <<< ERROR!
java.lang.ClassCastException: class edu.montana.csci.csci468.parser.statements.SyntaxErrorStatement cannot be cast to class edu.montana.csci.csci468.parser.statements.IfStatement (edu.montana.csci.csci468.parser.statements.SyntaxErrorStatement and edu.montana.csci.csci468.parser.statements.IfStatement are in unnamed module of loader 'app')
	at edu.montana.csci.csci468.parser.CatscriptParserStatementsTest.elseStatementEnsuresClosingBrace(CatscriptParserStatementsTest.java:68)

[ERROR] returnStatementNoExprInFunction  Time elapsed: 0 s  <<< ERROR!
edu.montana.csci.csci468.parser.ParseErrorException: 
Parse Errors Occurred:

Line 1:function x() {return}
       ^

Error: Unexpected Token

Line 1:function x() {return}
       ^

Error: Unexpected Token

Line 1:function x() {return}
       ^

Error: Unexpected Token

Line 1:function x() {return}
       ^

Error: Unexpected Token

Line 1:function x() {return}
       ^

Error: Unexpected Token

Line 1:function x() {return}
       ^

Error: Unexpected Token

Line 1:function x() {return}
       ^

Error: Unexpected Token


	at edu.montana.csci.csci468.parser.CatscriptParserStatementsTest.returnStatementNoExprInFunction(CatscriptParserStatementsTest.java:180)

[ERROR] varStatementWithIntType  Time elapsed: 0 s  <<< ERROR!
edu.montana.csci.csci468.parser.ParseErrorException: 
Parse Errors Occurred:

Line 1:var x : int = 10
       ^

Error: Unexpected Token

Line 1:var x : int = 10
       ^

Error: Unexpected Token

Line 1:var x : int = 10
       ^

Error: Unexpected Token

Line 1:var x : int = 10
       ^

Error: Unexpected Token

Line 1:var x : int = 10
       ^

Error: Unexpected Token

Line 1:var x : int = 10
       ^

Error: Unexpected Token


	at edu.montana.csci.csci468.parser.CatscriptParserStatementsTest.varStatementWithIntType(CatscriptParserStatementsTest.java:83)

[ERROR] returnStatementExprInFunction  Time elapsed: 0.001 s  <<< ERROR!
edu.montana.csci.csci468.parser.ParseErrorException: 
Parse Errors Occurred:

Line 1:function x() : int {return 10}
       ^

Error: Unexpected Token

Line 1:function x() : int {return 10}
       ^

Error: Unexpected Token

Line 1:function x() : int {return 10}
       ^

Error: Unexpected Token

Line 1:function x() : int {return 10}
       ^

Error: Unexpected Token

Line 1:function x() : int {return 10}
       ^

Error: Unexpected Token

Line 1:function x() : int {return 10}
       ^

Error: Unexpected Token

Line 1:function x() : int {return 10}
       ^

Error: Unexpected Token

Line 1:function x() : int {return 10}
       ^

Error: Unexpected Token

Line 1:function x() : int {return 10}
       ^

Error: Unexpected Token

Line 1:function x() : int {return 10}
       ^

Error: Unexpected Token


	at edu.montana.csci.csci468.parser.CatscriptParserStatementsTest.returnStatementExprInFunction(CatscriptParserStatementsTest.java:189)

[ERROR] varStatementWithObjectType  Time elapsed: 0 s  <<< ERROR!
edu.montana.csci.csci468.parser.ParseErrorException: 
Parse Errors Occurred:

Line 1:var x : object = ""
       ^

Error: Unexpected Token

Line 1:var x : object = ""
       ^

Error: Unexpected Token

Line 1:var x : object = ""
       ^

Error: Unexpected Token

Line 1:var x : object = ""
       ^

Error: Unexpected Token

Line 1:var x : object = ""
       ^

Error: Unexpected Token

Line 1:var x : object = ""
       ^

Error: Unexpected Token


	at edu.montana.csci.csci468.parser.CatscriptParserStatementsTest.varStatementWithObjectType(CatscriptParserStatementsTest.java:110)

[ERROR] forStatementParses  Time elapsed: 0 s  <<< ERROR!
java.lang.NullPointerException
	at edu.montana.csci.csci468.parser.CatscriptParserStatementsTest.forStatementParses(CatscriptParserStatementsTest.java:27)

[INFO] Running edu.montana.csci.csci468.parser.CatscriptParserTypeCheckingTest
[ERROR] Tests run: 10, Failures: 5, Errors: 5, Skipped: 0, Time elapsed: 0.001 s <<< FAILURE! - in edu.montana.csci.csci468.parser.CatscriptParserTypeCheckingTest
[ERROR] comparativeTypeError  Time elapsed: 0 s  <<< FAILURE!
org.opentest4j.AssertionFailedError: expected: <Incompatible types> but was: <Unexpected Token>
	at edu.montana.csci.csci468.parser.CatscriptParserTypeCheckingTest.comparativeTypeError(CatscriptParserTypeCheckingTest.java:77)

[ERROR] functionCallsWorkProperly  Time elapsed: 0 s  <<< ERROR!
java.lang.NullPointerException
	at edu.montana.csci.csci468.parser.CatscriptParserTypeCheckingTest.functionCallsWorkProperly(CatscriptParserTypeCheckingTest.java:38)

[ERROR] identifiersWorkProperly  Time elapsed: 0 s  <<< ERROR!
java.lang.NullPointerException
	at edu.montana.csci.csci468.parser.CatscriptParserTypeCheckingTest.identifiersWorkProperly(CatscriptParserTypeCheckingTest.java:32)

[ERROR] typeInferenceWorksForVars  Time elapsed: 0 s  <<< ERROR!
edu.montana.csci.csci468.parser.ParseErrorException: 
Parse Errors Occurred:

Line 1:var x = 10
       ^

Error: Unexpected Token

Line 1:var x = 10
       ^

Error: Unexpected Token

Line 1:var x = 10
       ^

Error: Unexpected Token

Line 1:var x = 10
       ^

Error: Unexpected Token


	at edu.montana.csci.csci468.parser.CatscriptParserTypeCheckingTest.typeInferenceWorksForVars(CatscriptParserTypeCheckingTest.java:44)

[ERROR] unaryTypeError  Time elapsed: 0 s  <<< FAILURE!
org.opentest4j.AssertionFailedError: expected: <Incompatible types> but was: <Unexpected Token>
	at edu.montana.csci.csci468.parser.CatscriptParserTypeCheckingTest.unaryTypeError(CatscriptParserTypeCheckingTest.java:61)

[ERROR] assignmentTypeError  Time elapsed: 0 s  <<< FAILURE!
org.opentest4j.AssertionFailedError: expected: <Incompatible types> but was: <Unexpected Token>
	at edu.montana.csci.csci468.parser.CatscriptParserTypeCheckingTest.assignmentTypeError(CatscriptParserTypeCheckingTest.java:55)

[ERROR] factorTypeError  Time elapsed: 0 s  <<< FAILURE!
org.opentest4j.AssertionFailedError: expected: <Incompatible types> but was: <Unexpected Token>
	at edu.montana.csci.csci468.parser.CatscriptParserTypeCheckingTest.factorTypeError(CatscriptParserTypeCheckingTest.java:67)

[ERROR] testBasicExpressionsHaveProperType  Time elapsed: 0 s  <<< ERROR!
java.lang.NullPointerException
	at edu.montana.csci.csci468.parser.CatscriptParserTypeCheckingTest.testBasicExpressionsHaveProperType(CatscriptParserTypeCheckingTest.java:17)

[ERROR] additiveTypeError  Time elapsed: 0.001 s  <<< ERROR!
java.lang.NullPointerException
	at edu.montana.csci.csci468.parser.CatscriptParserTypeCheckingTest.additiveTypeError(CatscriptParserTypeCheckingTest.java:72)

[ERROR] varTypeError  Time elapsed: 0 s  <<< FAILURE!
org.opentest4j.AssertionFailedError: expected: <Incompatible types> but was: <Unexpected Token>
	at edu.montana.csci.csci468.parser.CatscriptParserTypeCheckingTest.varTypeError(CatscriptParserTypeCheckingTest.java:50)

[INFO] Running edu.montana.csci.csci468.parser.CatscriptParserSymbolCheckingTest
[ERROR] Tests run: 8, Failures: 4, Errors: 4, Skipped: 0, Time elapsed: 0.001 s <<< FAILURE! - in edu.montana.csci.csci468.parser.CatscriptParserSymbolCheckingTest
[ERROR] paramsConflictWithGlobalVars  Time elapsed: 0 s  <<< ERROR!
java.lang.NullPointerException
	at edu.montana.csci.csci468.parser.CatscriptParserSymbolCheckingTest.paramsConflictWithGlobalVars(CatscriptParserSymbolCheckingTest.java:46)

[ERROR] ifStatementBranchesDoNotConflic  Time elapsed: 0 s  <<< ERROR!
edu.montana.csci.csci468.parser.ParseErrorException: 
Parse Errors Occurred:

Line 1:if(true){ var x = 10 } else { var x = true }
       ^

Error: Unexpected Token

Line 1:if(true){ var x = 10 } else { var x = true }
       ^

Error: Unexpected Token

Line 1:if(true){ var x = 10 } else { var x = true }
       ^

Error: Unexpected Token

Line 1:if(true){ var x = 10 } else { var x = true }
       ^

Error: Unexpected Token

Line 1:if(true){ var x = 10 } else { var x = true }
       ^

Error: Unexpected Token

Line 1:if(true){ var x = 10 } else { var x = true }
       ^

Error: Unexpected Token

Line 1:if(true){ var x = 10 } else { var x = true }
       ^

Error: Unexpected Token

Line 1:if(true){ var x = 10 } else { var x = true }
       ^

Error: Unexpected Token

Line 1:if(true){ var x = 10 } else { var x = true }
       ^

Error: Unexpected Token

Line 1:if(true){ var x = 10 } else { var x = true }
       ^

Error: Unexpected Token

Line 1:if(true){ var x = 10 } else { var x = true }
       ^

Error: Unexpected Token

Line 1:if(true){ var x = 10 } else { var x = true }
       ^

Error: Unexpected Token

Line 1:if(true){ var x = 10 } else { var x = true }
       ^

Error: Unexpected Token

Line 1:if(true){ var x = 10 } else { var x = true }
       ^

Error: Unexpected Token

Line 1:if(true){ var x = 10 } else { var x = true }
       ^

Error: Unexpected Token

Line 1:if(true){ var x = 10 } else { var x = true }
       ^

Error: Unexpected Token

Line 1:if(true){ var x = 10 } else { var x = true }
       ^

Error: Unexpected Token


	at edu.montana.csci.csci468.parser.CatscriptParserSymbolCheckingTest.ifStatementBranchesDoNotConflic(CatscriptParserSymbolCheckingTest.java:59)

[ERROR] paramsDoNotConflictWithEachOther  Time elapsed: 0 s  <<< ERROR!
java.lang.NullPointerException
	at edu.montana.csci.csci468.parser.CatscriptParserSymbolCheckingTest.paramsDoNotConflictWithEachOther(CatscriptParserSymbolCheckingTest.java:52)

[ERROR] duplicateVarsErrors  Time elapsed: 0 s  <<< FAILURE!
org.opentest4j.AssertionFailedError: expected: <This name is already used in this program> but was: <Unexpected Token>
	at edu.montana.csci.csci468.parser.CatscriptParserSymbolCheckingTest.duplicateVarsErrors(CatscriptParserSymbolCheckingTest.java:16)

[ERROR] functionVarConflict  Time elapsed: 0 s  <<< FAILURE!
org.opentest4j.AssertionFailedError: expected: <This name is already used in this program> but was: <Unexpected Token>
	at edu.montana.csci.csci468.parser.CatscriptParserSymbolCheckingTest.functionVarConflict(CatscriptParserSymbolCheckingTest.java:28)

[ERROR] functionFunctionConflict  Time elapsed: 0 s  <<< FAILURE!
org.opentest4j.AssertionFailedError: expected: <This name is already used in this program> but was: <Unexpected Token>
	at edu.montana.csci.csci468.parser.CatscriptParserSymbolCheckingTest.functionFunctionConflict(CatscriptParserSymbolCheckingTest.java:34)

[ERROR] varFunctionConflict  Time elapsed: 0 s  <<< FAILURE!
org.opentest4j.AssertionFailedError: expected: <This name is already used in this program> but was: <Unexpected Token>
	at edu.montana.csci.csci468.parser.CatscriptParserSymbolCheckingTest.varFunctionConflict(CatscriptParserSymbolCheckingTest.java:22)

[ERROR] forVarConflict  Time elapsed: 0 s  <<< ERROR!
java.lang.NullPointerException
	at edu.montana.csci.csci468.parser.CatscriptParserSymbolCheckingTest.forVarConflict(CatscriptParserSymbolCheckingTest.java:40)

[INFO] Running edu.montana.csci.csci468.eval.CatscriptStatementExecutionTest
[ERROR] Tests run: 7, Failures: 0, Errors: 7, Skipped: 0, Time elapsed: 0.001 s <<< FAILURE! - in edu.montana.csci.csci468.eval.CatscriptStatementExecutionTest
[ERROR] recursiveFunctionWorksProperly  Time elapsed: 0 s  <<< ERROR!
java.lang.NullPointerException
	at edu.montana.csci.csci468.eval.CatscriptStatementExecutionTest.recursiveFunctionWorksProperly(CatscriptStatementExecutionTest.java:57)

[ERROR] varStatementWorksProperly  Time elapsed: 0.001 s  <<< ERROR!
java.lang.NullPointerException
	at edu.montana.csci.csci468.eval.CatscriptStatementExecutionTest.varStatementWorksProperly(CatscriptStatementExecutionTest.java:32)

[ERROR] functionDeclarationWorksProperly  Time elapsed: 0 s  <<< ERROR!
java.lang.NullPointerException
	at edu.montana.csci.csci468.eval.CatscriptStatementExecutionTest.functionDeclarationWorksProperly(CatscriptStatementExecutionTest.java:48)

[ERROR] returnStatementWorks  Time elapsed: 0 s  <<< ERROR!
java.lang.NullPointerException
	at edu.montana.csci.csci468.eval.CatscriptStatementExecutionTest.returnStatementWorks(CatscriptStatementExecutionTest.java:70)

[ERROR] ifStatementWorksProperly  Time elapsed: 0 s  <<< ERROR!
edu.montana.csci.csci468.parser.ParseErrorException: 
Parse Errors Occurred:

Line 1:if(true){ print(1) }
       ^

Error: Unexpected Token

Line 1:if(true){ print(1) }
       ^

Error: Unexpected Token

Line 1:if(true){ print(1) }
       ^

Error: Unexpected Token

Line 1:if(true){ print(1) }
       ^

Error: Unexpected Token

Line 1:if(true){ print(1) }
       ^

Error: Unexpected Token

Line 1:if(true){ print(1) }
       ^

Error: Unexpected Token


	at edu.montana.csci.csci468.eval.CatscriptStatementExecutionTest.ifStatementWorksProperly(CatscriptStatementExecutionTest.java:24)

[ERROR] forStatementWorksProperly  Time elapsed: 0 s  <<< ERROR!
java.lang.NullPointerException
	at edu.montana.csci.csci468.eval.CatscriptStatementExecutionTest.forStatementWorksProperly(CatscriptStatementExecutionTest.java:43)

[ERROR] printStatementWorksProperly  Time elapsed: 0 s  <<< ERROR!
java.lang.NullPointerException
	at edu.montana.csci.csci468.eval.CatscriptStatementExecutionTest.printStatementWorksProperly(CatscriptStatementExecutionTest.java:18)

[INFO] Running edu.montana.csci.csci468.eval.CatscriptFunctionArgsAndReturnEvalTest
